<?xml version="1.0" encoding="UTF-8"?>
<!-- Generated by org.testng.reporters.JUnitReportReporter -->
<testsuite hostname="DESKTOP-4T7KINV" failures="0" tests="2" name="justsoko.MavenJava.AppiumTest" time="0.062" errors="0" timestamp="2020-09-02T23:29:11 IST" skipped="0">
  <testcase classname="justsoko.MavenJava.AppiumTest" name="IOSapp" time="0.054"/>
  <system-out/>
  <testcase classname="justsoko.MavenJava.AppiumTest" name="nativeApp" time="0.008"/>
  <system-out/>
</testsuite> <!-- justsoko.MavenJava.AppiumTest -->
