<?xml version="1.0" encoding="UTF-8"?>
<!-- Generated by org.testng.reporters.JUnitReportReporter -->
<testsuite hostname="DESKTOP-4T7KINV" failures="0" tests="2" name="justsoko.MavenJava.RestAPITest" time="0.015" errors="0" timestamp="2020-09-01T22:56:46 IST" skipped="0">
  <testcase classname="justsoko.MavenJava.RestAPITest" name="postJira" time="0.008"/>
  <system-out/>
  <testcase classname="justsoko.MavenJava.RestAPITest" name="deleteTwitter" time="0.007"/>
  <system-out/>
</testsuite> <!-- justsoko.MavenJava.RestAPITest -->
