<?xml version="1.0" encoding="UTF-8"?>
<!-- Generated by org.testng.reporters.JUnitReportReporter -->
<testsuite hostname="DESKTOP-4T7KINV" failures="0" tests="2" name="justsoko.MavenJava.AppiumTest" time="0.180" errors="0" timestamp="2020-09-01T22:56:46 IST" skipped="0">
  <testcase classname="justsoko.MavenJava.AppiumTest" name="IOSapp" time="0.092"/>
  <system-out/>
  <testcase classname="justsoko.MavenJava.AppiumTest" name="nativeapp" time="0.088"/>
  <system-out/>
</testsuite> <!-- justsoko.MavenJava.AppiumTest -->
