<?xml version="1.0" encoding="UTF-8"?>
<!-- Generated by org.testng.reporters.JUnitReportReporter -->
<testsuite hostname="DESKTOP-4T7KINV" failures="0" tests="2" name="justsoko.MavenJava.SeleniumJavaTest" time="0.010" errors="0" timestamp="2020-09-01T22:56:46 IST" skipped="0">
  <testcase classname="justsoko.MavenJava.SeleniumJavaTest" name="BrowserAutomation" time="0.004"/>
  <system-out/>
  <testcase classname="justsoko.MavenJava.SeleniumJavaTest" name="elementsUI" time="0.006"/>
  <system-out/>
</testsuite> <!-- justsoko.MavenJava.SeleniumJavaTest -->
